w:\code_practice\mfc_list\debug\mfc_list.pch
w:\code_practice\mfc_list\debug\vc140.pdb
w:\code_practice\mfc_list\debug\vc140.idb
w:\code_practice\mfc_list\debug\stdafx.obj
w:\code_practice\mfc_list\debug\mfc_list.obj
w:\code_practice\mfc_list\debug\mylistdlg.obj
w:\code_practice\mfc_list\debug\mylistctrl.obj
w:\code_practice\debug\mfc_list.ilk
w:\code_practice\debug\mfc_list.exe
w:\code_practice\debug\mfc_list.pdb
w:\code_practice\mfc_list\debug\mfc_list.res
w:\code_practice\mfc_list\debug\mfc_list.tlog\cl.command.1.tlog
w:\code_practice\mfc_list\debug\mfc_list.tlog\cl.read.1.tlog
w:\code_practice\mfc_list\debug\mfc_list.tlog\cl.write.1.tlog
w:\code_practice\mfc_list\debug\mfc_list.tlog\link.command.1.tlog
w:\code_practice\mfc_list\debug\mfc_list.tlog\link.read.1.tlog
w:\code_practice\mfc_list\debug\mfc_list.tlog\link.write.1.tlog
w:\code_practice\mfc_list\debug\mfc_list.tlog\rc.command.1.tlog
w:\code_practice\mfc_list\debug\mfc_list.tlog\rc.read.1.tlog
w:\code_practice\mfc_list\debug\mfc_list.tlog\rc.write.1.tlog
