w:\code_practice\mfc_app2\debug\mfc_app2.pch
w:\code_practice\mfc_app2\debug\vc140.pdb
w:\code_practice\mfc_app2\debug\vc140.idb
w:\code_practice\mfc_app2\debug\stdafx.obj
w:\code_practice\mfc_app2\debug\mfc_app2.obj
w:\code_practice\mfc_app2\debug\mfc_app2dlg.obj
w:\code_practice\mfc_app2\debug\mytabctrl7.obj
w:\code_practice\mfc_app2\debug\diaa111.obj
w:\code_practice\mfc_app2\debug\diaa222.obj
w:\code_practice\mfc_app2\debug\diaa333.obj
w:\code_practice\debug\mfc_app2.ilk
w:\code_practice\debug\mfc_app2.exe
w:\code_practice\debug\mfc_app2.pdb
w:\code_practice\mfc_app2\debug\mfc_app2.res
w:\code_practice\mfc_app2\debug\mfc_app2.tlog\cl.command.1.tlog
w:\code_practice\mfc_app2\debug\mfc_app2.tlog\cl.read.1.tlog
w:\code_practice\mfc_app2\debug\mfc_app2.tlog\cl.write.1.tlog
w:\code_practice\mfc_app2\debug\mfc_app2.tlog\link.command.1.tlog
w:\code_practice\mfc_app2\debug\mfc_app2.tlog\link.read.1.tlog
w:\code_practice\mfc_app2\debug\mfc_app2.tlog\link.write.1.tlog
w:\code_practice\mfc_app2\debug\mfc_app2.tlog\rc.command.1.tlog
w:\code_practice\mfc_app2\debug\mfc_app2.tlog\rc.read.1.tlog
w:\code_practice\mfc_app2\debug\mfc_app2.tlog\rc.write.1.tlog
